[debug] ----------------------------------------------------------------------
[debug] Command:      /usr/local/bin/node /usr/local/bin/firebase deploy
[debug] Platform:     linux
[debug] Node Version: v5.2.0
[debug] Time:         Mon Apr 18 2016 17:12:05 GMT+0530 (IST)
[debug] ----------------------------------------------------------------------
[debug] 
[debug] >>> HTTP REQUEST GET https://admin.firebase.com/firebase/myconbook/token?token=XXX 
[debug] <<< HTTP RESPONSE 200
[debug] >>> HTTP REQUEST GET https://admin.firebase.com/firebase/myconbook/token?token=XXX 
[debug] <<< HTTP RESPONSE 200
[info] 
[info] === Deploying to 'myconbook'...
[info] 
[info] i  deploying hosting
[info] i  preparing app directory for upload...
[debug] >>> HTTP REQUEST PUT https://deploy.firebase.com/firebase/myconbook/uploads/-KFdAN5pRQCW85GMWccw?token=XXX&fileCount=472&message= 
[debug] <<< HTTP RESPONSE 200
[info] ✔  472 files uploaded successfully
[debug] >>> HTTP REQUEST POST https://deploy.firebase.com/firebase/myconbook/releases?token=XXX
[debug] <<< HTTP RESPONSE 200
[info] 
[info] ✔  Deploy complete!
[info] 
[info] URL: https://myconbook.firebaseapp.com
[info] Dashboard: https://myconbook.firebaseio.com
[info] 
[info] Visit the URL above or run firebase open
